{"/Users/daniellekyere/coursework/week_07/day_03/lab_car_dealership/lab_car_dealership.js": {"path":"/Users/daniellekyere/coursework/week_07/day_03/lab_car_dealership/lab_car_dealership.js","statementMap":{"0":{"start":{"line":2,"column":12},"end":{"line":14,"column":1}},"1":{"start":{"line":4,"column":24},"end":{"line":4,"column":36}},"2":{"start":{"line":5,"column":17},"end":{"line":5,"column":22}},"3":{"start":{"line":6,"column":22},"end":{"line":6,"column":32}},"4":{"start":{"line":8,"column":4},"end":{"line":8,"column":45}},"5":{"start":{"line":8,"column":32},"end":{"line":8,"column":44}},"6":{"start":{"line":9,"column":4},"end":{"line":9,"column":73}},"7":{"start":{"line":9,"column":44},"end":{"line":9,"column":72}},"8":{"start":{"line":10,"column":4},"end":{"line":10,"column":32}},"9":{"start":{"line":10,"column":25},"end":{"line":10,"column":31}},"10":{"start":{"line":11,"column":4},"end":{"line":11,"column":45}},"11":{"start":{"line":11,"column":30},"end":{"line":11,"column":44}},"12":{"start":{"line":12,"column":4},"end":{"line":12,"column":43}},"13":{"start":{"line":12,"column":31},"end":{"line":12,"column":42}},"14":{"start":{"line":13,"column":4},"end":{"line":13,"column":64}},"15":{"start":{"line":13,"column":39},"end":{"line":13,"column":63}},"16":{"start":{"line":17,"column":15},"end":{"line":17,"column":45}},"17":{"start":{"line":21,"column":19},"end":{"line":55,"column":1}},"18":{"start":{"line":23,"column":16},"end":{"line":23,"column":20}},"19":{"start":{"line":24,"column":16},"end":{"line":24,"column":18}},"20":{"start":{"line":25,"column":31},"end":{"line":25,"column":50}},"21":{"start":{"line":28,"column":4},"end":{"line":28,"column":29}},"22":{"start":{"line":28,"column":24},"end":{"line":28,"column":28}},"23":{"start":{"line":29,"column":4},"end":{"line":29,"column":40}},"24":{"start":{"line":29,"column":27},"end":{"line":29,"column":39}},"25":{"start":{"line":30,"column":4},"end":{"line":30,"column":60}},"26":{"start":{"line":30,"column":39},"end":{"line":30,"column":59}},"27":{"start":{"line":31,"column":4},"end":{"line":31,"column":101}},"28":{"start":{"line":31,"column":58},"end":{"line":31,"column":100}},"29":{"start":{"line":32,"column":4},"end":{"line":32,"column":39}},"30":{"start":{"line":32,"column":27},"end":{"line":32,"column":39}},"31":{"start":{"line":33,"column":4},"end":{"line":33,"column":42}},"32":{"start":{"line":33,"column":27},"end":{"line":33,"column":42}},"33":{"start":{"line":34,"column":4},"end":{"line":34,"column":66}},"34":{"start":{"line":34,"column":30},"end":{"line":34,"column":65}},"35":{"start":{"line":35,"column":4},"end":{"line":35,"column":31}},"36":{"start":{"line":35,"column":25},"end":{"line":35,"column":30}},"37":{"start":{"line":36,"column":4},"end":{"line":36,"column":87}},"38":{"start":{"line":36,"column":37},"end":{"line":36,"column":87}},"39":{"start":{"line":36,"column":65},"end":{"line":36,"column":86}},"40":{"start":{"line":37,"column":4},"end":{"line":43,"column":10}},"41":{"start":{"line":38,"column":24},"end":{"line":38,"column":67}},"42":{"start":{"line":38,"column":52},"end":{"line":38,"column":66}},"43":{"start":{"line":39,"column":25},"end":{"line":41,"column":9}},"44":{"start":{"line":40,"column":28},"end":{"line":40,"column":42}},"45":{"start":{"line":42,"column":9},"end":{"line":42,"column":26}},"46":{"start":{"line":45,"column":4},"end":{"line":53,"column":6}},"47":{"start":{"line":47,"column":30},"end":{"line":48,"column":56}},"48":{"start":{"line":48,"column":4},"end":{"line":48,"column":55}},"49":{"start":{"line":50,"column":31},"end":{"line":52,"column":6}},"50":{"start":{"line":51,"column":8},"end":{"line":51,"column":47}},"51":{"start":{"line":80,"column":0},"end":{"line":80,"column":35}}},"fnMap":{"0":{"name":"(anonymous_0)","decl":{"start":{"line":2,"column":12},"end":{"line":2,"column":13}},"loc":{"start":{"line":2,"column":54},"end":{"line":14,"column":1}},"line":2},"1":{"name":"(anonymous_1)","decl":{"start":{"line":8,"column":27},"end":{"line":8,"column":28}},"loc":{"start":{"line":8,"column":32},"end":{"line":8,"column":44}},"line":8},"2":{"name":"(anonymous_2)","decl":{"start":{"line":9,"column":27},"end":{"line":9,"column":28}},"loc":{"start":{"line":9,"column":44},"end":{"line":9,"column":72}},"line":9},"3":{"name":"(anonymous_3)","decl":{"start":{"line":10,"column":20},"end":{"line":10,"column":21}},"loc":{"start":{"line":10,"column":25},"end":{"line":10,"column":31}},"line":10},"4":{"name":"(anonymous_4)","decl":{"start":{"line":11,"column":20},"end":{"line":11,"column":21}},"loc":{"start":{"line":11,"column":30},"end":{"line":11,"column":44}},"line":11},"5":{"name":"(anonymous_5)","decl":{"start":{"line":12,"column":25},"end":{"line":12,"column":26}},"loc":{"start":{"line":12,"column":31},"end":{"line":12,"column":42}},"line":12},"6":{"name":"(anonymous_6)","decl":{"start":{"line":13,"column":24},"end":{"line":13,"column":25}},"loc":{"start":{"line":13,"column":39},"end":{"line":13,"column":63}},"line":13},"7":{"name":"(anonymous_7)","decl":{"start":{"line":21,"column":19},"end":{"line":21,"column":20}},"loc":{"start":{"line":21,"column":55},"end":{"line":55,"column":1}},"line":21},"8":{"name":"(anonymous_8)","decl":{"start":{"line":28,"column":19},"end":{"line":28,"column":20}},"loc":{"start":{"line":28,"column":24},"end":{"line":28,"column":28}},"line":28},"9":{"name":"(anonymous_9)","decl":{"start":{"line":29,"column":18},"end":{"line":29,"column":19}},"loc":{"start":{"line":29,"column":27},"end":{"line":29,"column":39}},"line":29},"10":{"name":"(anonymous_10)","decl":{"start":{"line":30,"column":34},"end":{"line":30,"column":35}},"loc":{"start":{"line":30,"column":39},"end":{"line":30,"column":59}},"line":30},"11":{"name":"(anonymous_11)","decl":{"start":{"line":31,"column":34},"end":{"line":31,"column":35}},"loc":{"start":{"line":31,"column":58},"end":{"line":31,"column":100}},"line":31},"12":{"name":"(anonymous_12)","decl":{"start":{"line":32,"column":21},"end":{"line":32,"column":22}},"loc":{"start":{"line":32,"column":27},"end":{"line":32,"column":39}},"line":32},"13":{"name":"(anonymous_13)","decl":{"start":{"line":33,"column":19},"end":{"line":33,"column":20}},"loc":{"start":{"line":33,"column":27},"end":{"line":33,"column":42}},"line":33},"14":{"name":"(anonymous_14)","decl":{"start":{"line":34,"column":22},"end":{"line":34,"column":23}},"loc":{"start":{"line":34,"column":30},"end":{"line":34,"column":65}},"line":34},"15":{"name":"(anonymous_15)","decl":{"start":{"line":35,"column":19},"end":{"line":35,"column":20}},"loc":{"start":{"line":35,"column":25},"end":{"line":35,"column":30}},"line":35},"16":{"name":"(anonymous_16)","decl":{"start":{"line":36,"column":32},"end":{"line":36,"column":33}},"loc":{"start":{"line":36,"column":37},"end":{"line":36,"column":87}},"line":36},"17":{"name":"(anonymous_17)","decl":{"start":{"line":36,"column":56},"end":{"line":36,"column":57}},"loc":{"start":{"line":36,"column":65},"end":{"line":36,"column":86}},"line":36},"18":{"name":"(anonymous_18)","decl":{"start":{"line":37,"column":32},"end":{"line":37,"column":33}},"loc":{"start":{"line":37,"column":37},"end":{"line":43,"column":10}},"line":37},"19":{"name":"(anonymous_19)","decl":{"start":{"line":38,"column":43},"end":{"line":38,"column":44}},"loc":{"start":{"line":38,"column":52},"end":{"line":38,"column":66}},"line":38},"20":{"name":"(anonymous_20)","decl":{"start":{"line":40,"column":8},"end":{"line":40,"column":9}},"loc":{"start":{"line":40,"column":28},"end":{"line":40,"column":42}},"line":40},"21":{"name":"(anonymous_21)","decl":{"start":{"line":45,"column":44},"end":{"line":45,"column":45}},"loc":{"start":{"line":45,"column":62},"end":{"line":53,"column":5}},"line":45},"22":{"name":"(anonymous_22)","decl":{"start":{"line":47,"column":30},"end":{"line":47,"column":31}},"loc":{"start":{"line":47,"column":48},"end":{"line":48,"column":56}},"line":47},"23":{"name":"(anonymous_23)","decl":{"start":{"line":50,"column":53},"end":{"line":50,"column":54}},"loc":{"start":{"line":50,"column":70},"end":{"line":52,"column":5}},"line":50}},"branchMap":{},"s":{"0":1,"1":5,"2":5,"3":5,"4":5,"5":3,"6":5,"7":1,"8":5,"9":5,"10":5,"11":1,"12":5,"13":1,"14":5,"15":1,"16":1,"17":1,"18":1,"19":1,"20":1,"21":1,"22":1,"23":1,"24":1,"25":1,"26":1,"27":1,"28":1,"29":1,"30":2,"31":1,"32":3,"33":1,"34":1,"35":1,"36":3,"37":1,"38":1,"39":2,"40":1,"41":2,"42":4,"43":2,"44":4,"45":2,"46":1,"47":0,"48":0,"49":0,"50":0,"51":1},"f":{"0":5,"1":3,"2":1,"3":5,"4":1,"5":1,"6":1,"7":1,"8":1,"9":1,"10":1,"11":1,"12":2,"13":3,"14":1,"15":3,"16":1,"17":2,"18":2,"19":4,"20":4,"21":0,"22":0,"23":0},"b":{},"_coverageSchema":"1a1c01bbd47fc00a2c39e90264f33305004495a9","hash":"a255dadea1eec2754135b8ed73adbc5331f162f0"}
}
