{"/Users/daniellekyere/coursework/week_07/day_03/lab_car_dealership/lab_car_dealership.js": {"path":"/Users/daniellekyere/coursework/week_07/day_03/lab_car_dealership/lab_car_dealership.js","statementMap":{"0":{"start":{"line":2,"column":12},"end":{"line":14,"column":1}},"1":{"start":{"line":4,"column":24},"end":{"line":4,"column":36}},"2":{"start":{"line":5,"column":17},"end":{"line":5,"column":22}},"3":{"start":{"line":6,"column":22},"end":{"line":6,"column":32}},"4":{"start":{"line":8,"column":4},"end":{"line":8,"column":45}},"5":{"start":{"line":8,"column":32},"end":{"line":8,"column":44}},"6":{"start":{"line":9,"column":4},"end":{"line":9,"column":73}},"7":{"start":{"line":9,"column":44},"end":{"line":9,"column":72}},"8":{"start":{"line":10,"column":4},"end":{"line":10,"column":32}},"9":{"start":{"line":10,"column":25},"end":{"line":10,"column":31}},"10":{"start":{"line":11,"column":4},"end":{"line":11,"column":45}},"11":{"start":{"line":11,"column":30},"end":{"line":11,"column":44}},"12":{"start":{"line":12,"column":4},"end":{"line":12,"column":43}},"13":{"start":{"line":12,"column":31},"end":{"line":12,"column":42}},"14":{"start":{"line":13,"column":4},"end":{"line":13,"column":64}},"15":{"start":{"line":13,"column":39},"end":{"line":13,"column":63}},"16":{"start":{"line":17,"column":15},"end":{"line":17,"column":45}},"17":{"start":{"line":21,"column":19},"end":{"line":40,"column":1}},"18":{"start":{"line":23,"column":16},"end":{"line":23,"column":20}},"19":{"start":{"line":24,"column":16},"end":{"line":24,"column":18}},"20":{"start":{"line":25,"column":31},"end":{"line":25,"column":50}},"21":{"start":{"line":28,"column":4},"end":{"line":28,"column":29}},"22":{"start":{"line":28,"column":24},"end":{"line":28,"column":28}},"23":{"start":{"line":29,"column":4},"end":{"line":29,"column":40}},"24":{"start":{"line":29,"column":27},"end":{"line":29,"column":39}},"25":{"start":{"line":30,"column":4},"end":{"line":30,"column":60}},"26":{"start":{"line":30,"column":39},"end":{"line":30,"column":59}},"27":{"start":{"line":31,"column":4},"end":{"line":31,"column":101}},"28":{"start":{"line":31,"column":58},"end":{"line":31,"column":100}},"29":{"start":{"line":32,"column":4},"end":{"line":32,"column":43}},"30":{"start":{"line":32,"column":27},"end":{"line":32,"column":42}},"31":{"start":{"line":33,"column":4},"end":{"line":33,"column":66}},"32":{"start":{"line":33,"column":30},"end":{"line":33,"column":65}},"33":{"start":{"line":34,"column":4},"end":{"line":34,"column":31}},"34":{"start":{"line":34,"column":25},"end":{"line":34,"column":30}},"35":{"start":{"line":35,"column":4},"end":{"line":35,"column":39}},"36":{"start":{"line":35,"column":27},"end":{"line":35,"column":39}},"37":{"start":{"line":37,"column":4},"end":{"line":37,"column":69}},"38":{"start":{"line":37,"column":37},"end":{"line":37,"column":69}},"39":{"start":{"line":38,"column":4},"end":{"line":38,"column":14}},"40":{"start":{"line":42,"column":13},"end":{"line":42,"column":44}},"41":{"start":{"line":43,"column":13},"end":{"line":43,"column":44}},"42":{"start":{"line":44,"column":13},"end":{"line":44,"column":43}},"43":{"start":{"line":45,"column":16},"end":{"line":45,"column":45}},"44":{"start":{"line":46,"column":0},"end":{"line":46,"column":33}},"45":{"start":{"line":47,"column":0},"end":{"line":47,"column":31}},"46":{"start":{"line":70,"column":0},"end":{"line":70,"column":35}}},"fnMap":{"0":{"name":"(anonymous_0)","decl":{"start":{"line":2,"column":12},"end":{"line":2,"column":13}},"loc":{"start":{"line":2,"column":54},"end":{"line":14,"column":1}},"line":2},"1":{"name":"(anonymous_1)","decl":{"start":{"line":8,"column":27},"end":{"line":8,"column":28}},"loc":{"start":{"line":8,"column":32},"end":{"line":8,"column":44}},"line":8},"2":{"name":"(anonymous_2)","decl":{"start":{"line":9,"column":27},"end":{"line":9,"column":28}},"loc":{"start":{"line":9,"column":44},"end":{"line":9,"column":72}},"line":9},"3":{"name":"(anonymous_3)","decl":{"start":{"line":10,"column":20},"end":{"line":10,"column":21}},"loc":{"start":{"line":10,"column":25},"end":{"line":10,"column":31}},"line":10},"4":{"name":"(anonymous_4)","decl":{"start":{"line":11,"column":20},"end":{"line":11,"column":21}},"loc":{"start":{"line":11,"column":30},"end":{"line":11,"column":44}},"line":11},"5":{"name":"(anonymous_5)","decl":{"start":{"line":12,"column":25},"end":{"line":12,"column":26}},"loc":{"start":{"line":12,"column":31},"end":{"line":12,"column":42}},"line":12},"6":{"name":"(anonymous_6)","decl":{"start":{"line":13,"column":24},"end":{"line":13,"column":25}},"loc":{"start":{"line":13,"column":39},"end":{"line":13,"column":63}},"line":13},"7":{"name":"(anonymous_7)","decl":{"start":{"line":21,"column":19},"end":{"line":21,"column":20}},"loc":{"start":{"line":21,"column":55},"end":{"line":40,"column":1}},"line":21},"8":{"name":"(anonymous_8)","decl":{"start":{"line":28,"column":19},"end":{"line":28,"column":20}},"loc":{"start":{"line":28,"column":24},"end":{"line":28,"column":28}},"line":28},"9":{"name":"(anonymous_9)","decl":{"start":{"line":29,"column":18},"end":{"line":29,"column":19}},"loc":{"start":{"line":29,"column":27},"end":{"line":29,"column":39}},"line":29},"10":{"name":"(anonymous_10)","decl":{"start":{"line":30,"column":34},"end":{"line":30,"column":35}},"loc":{"start":{"line":30,"column":39},"end":{"line":30,"column":59}},"line":30},"11":{"name":"(anonymous_11)","decl":{"start":{"line":31,"column":34},"end":{"line":31,"column":35}},"loc":{"start":{"line":31,"column":58},"end":{"line":31,"column":100}},"line":31},"12":{"name":"(anonymous_12)","decl":{"start":{"line":32,"column":19},"end":{"line":32,"column":20}},"loc":{"start":{"line":32,"column":27},"end":{"line":32,"column":42}},"line":32},"13":{"name":"(anonymous_13)","decl":{"start":{"line":33,"column":22},"end":{"line":33,"column":23}},"loc":{"start":{"line":33,"column":30},"end":{"line":33,"column":65}},"line":33},"14":{"name":"(anonymous_14)","decl":{"start":{"line":34,"column":19},"end":{"line":34,"column":20}},"loc":{"start":{"line":34,"column":25},"end":{"line":34,"column":30}},"line":34},"15":{"name":"(anonymous_15)","decl":{"start":{"line":35,"column":21},"end":{"line":35,"column":22}},"loc":{"start":{"line":35,"column":27},"end":{"line":35,"column":39}},"line":35},"16":{"name":"(anonymous_16)","decl":{"start":{"line":37,"column":32},"end":{"line":37,"column":33}},"loc":{"start":{"line":37,"column":37},"end":{"line":37,"column":69}},"line":37}},"branchMap":{},"s":{"0":1,"1":6,"2":6,"3":6,"4":6,"5":2,"6":6,"7":2,"8":6,"9":2,"10":6,"11":2,"12":6,"13":2,"14":6,"15":2,"16":1,"17":1,"18":1,"19":1,"20":1,"21":1,"22":0,"23":1,"24":0,"25":1,"26":0,"27":1,"28":0,"29":1,"30":1,"31":1,"32":0,"33":1,"34":1,"35":1,"36":0,"37":1,"38":0,"39":1,"40":1,"41":1,"42":1,"43":1,"44":1,"45":1,"46":1},"f":{"0":6,"1":2,"2":2,"3":2,"4":2,"5":2,"6":2,"7":1,"8":0,"9":0,"10":0,"11":0,"12":1,"13":0,"14":1,"15":0,"16":0},"b":{},"_coverageSchema":"1a1c01bbd47fc00a2c39e90264f33305004495a9","hash":"26eb9e1dfd9246f0c12c77587dabdc3adcc8d497"}
}
